<?xml version="1.0" encoding="UTF-8"?>
<testng-results skipped="0" failed="6" total="10" passed="4">
  <reporter-output>
  </reporter-output>
  <suite name="Suite" duration-ms="73189" started-at="2020-01-29T05:39:13Z" finished-at="2020-01-29T05:40:26Z">
    <groups>
    </groups>
    <test name="Test" duration-ms="73189" started-at="2020-01-29T05:39:13Z" finished-at="2020-01-29T05:40:26Z">
      <class name="com.Sulekha.User.UserSide.Listing_GetQuote">
        <test-method status="PASS" signature="setup()[pri:0, instance:com.Sulekha.User.UserSide.Listing_GetQuote@63a65a25]" name="setup" is-config="true" duration-ms="4772" started-at="2020-01-29T11:09:34Z" finished-at="2020-01-29T11:09:38Z">
          <reporter-output>
          </reporter-output>
        </test-method> <!-- setup -->
        <test-method status="PASS" signature="Get_Quote()[pri:1, instance:com.Sulekha.User.UserSide.Listing_GetQuote@63a65a25]" name="Get_Quote" duration-ms="319" started-at="2020-01-29T11:09:38Z" finished-at="2020-01-29T11:09:39Z">
          <reporter-output>
          </reporter-output>
        </test-method> <!-- Get_Quote -->
        <test-method status="PASS" signature="getResult(org.testng.ITestResult)[pri:0, instance:com.Sulekha.User.UserSide.Listing_GetQuote@63a65a25]" name="getResult" is-config="true" duration-ms="1849" started-at="2020-01-29T11:09:39Z" finished-at="2020-01-29T11:09:40Z">
          <params>
            <param index="0">
              <value>
                <![CDATA[[TestResult name=Get_Quote status=SUCCESS method=Listing_GetQuote.Get_Quote()[pri:1, instance:com.Sulekha.User.UserSide.Listing_GetQuote@63a65a25] output={null}]]]>
              </value>
            </param>
          </params>
          <reporter-output>
          </reporter-output>
        </test-method> <!-- getResult -->
      </class> <!-- com.Sulekha.User.UserSide.Listing_GetQuote -->
      <class name="com.Sulekha.User.UserSide.ListingPage">
        <test-method status="PASS" signature="setup()[pri:0, instance:com.Sulekha.User.UserSide.ListingPage@6b26e945]" name="setup" is-config="true" duration-ms="8952" started-at="2020-01-29T11:09:22Z" finished-at="2020-01-29T11:09:30Z">
          <reporter-output>
          </reporter-output>
        </test-method> <!-- setup -->
        <test-method status="PASS" signature="Get_Quote()[pri:1, instance:com.Sulekha.User.UserSide.ListingPage@6b26e945]" name="Get_Quote" duration-ms="1379" started-at="2020-01-29T11:09:30Z" finished-at="2020-01-29T11:09:32Z">
          <reporter-output>
          </reporter-output>
        </test-method> <!-- Get_Quote -->
        <test-method status="PASS" signature="endReport()[pri:0, instance:com.Sulekha.User.UserSide.ListingPage@6b26e945]" name="endReport" is-config="true" duration-ms="249" started-at="2020-01-29T11:09:32Z" finished-at="2020-01-29T11:09:32Z">
          <reporter-output>
          </reporter-output>
        </test-method> <!-- endReport -->
        <test-method status="PASS" signature="getResult(org.testng.ITestResult)[pri:0, instance:com.Sulekha.User.UserSide.ListingPage@6b26e945]" name="getResult" is-config="true" duration-ms="1422" started-at="2020-01-29T11:09:32Z" finished-at="2020-01-29T11:09:34Z">
          <params>
            <param index="0">
              <value>
                <![CDATA[[TestResult name=Get_Quote status=SUCCESS method=ListingPage.Get_Quote()[pri:1, instance:com.Sulekha.User.UserSide.ListingPage@6b26e945] output={null}]]]>
              </value>
            </param>
          </params>
          <reporter-output>
          </reporter-output>
        </test-method> <!-- getResult -->
        <test-method status="FAIL" signature="Save_To_Phone()[pri:2, instance:com.Sulekha.User.UserSide.ListingPage@6b26e945]" name="Save_To_Phone" duration-ms="4417" started-at="2020-01-29T11:09:47Z" finished-at="2020-01-29T11:09:52Z">
          <exception class="org.openqa.selenium.StaleElementReferenceException">
            <message>
              <![CDATA[stale element reference: element is not attached to the page document
  (Session info: chrome=79.0.3945.130)
  (Driver info: chromedriver=2.36.540470 (e522d04694c7ebea4ba8821272dbef4f9b818c91),platform=Windows NT 6.3.9600 x86_64) (WARNING: The server did not provide any stacktrace information)
Command duration or timeout: 27 milliseconds
For documentation on this error, please visit: http://seleniumhq.org/exceptions/stale_element_reference.html
Build info: version: '2.53.0', revision: '35ae25b', time: '2016-03-15 17:00:58'
System info: host: 'DESK-1986', ip: '192.168.4.204', os.name: 'Windows 8.1', os.arch: 'amd64', os.version: '6.3', java.version: '1.8.0_131'
Driver info: org.openqa.selenium.chrome.ChromeDriver
Capabilities [{applicationCacheEnabled=false, rotatable=false, mobileEmulationEnabled=false, networkConnectionEnabled=false, chrome={chromedriverVersion=2.36.540470 (e522d04694c7ebea4ba8821272dbef4f9b818c91), userDataDir=C:\Windows\TEMP\scoped_dir13440_15255}, takesHeapSnapshot=true, pageLoadStrategy=normal, databaseEnabled=false, handlesAlerts=true, hasTouchScreen=false, version=79.0.3945.130, platform=WIN8_1, browserConnectionEnabled=false, nativeEvents=true, acceptSslCerts=false, acceptInsecureCerts=false, locationContextEnabled=true, webStorageEnabled=true, browserName=chrome, takesScreenshot=true, javascriptEnabled=true, cssSelectorsEnabled=true, setWindowRect=true, unexpectedAlertBehaviour=}]
Session ID: 745f1c7d4cb75ec1045daf2ece3367a4]]>
            </message>
            <full-stacktrace>
              <![CDATA[org.openqa.selenium.StaleElementReferenceException: stale element reference: element is not attached to the page document
  (Session info: chrome=79.0.3945.130)
  (Driver info: chromedriver=2.36.540470 (e522d04694c7ebea4ba8821272dbef4f9b818c91),platform=Windows NT 6.3.9600 x86_64) (WARNING: The server did not provide any stacktrace information)
Command duration or timeout: 27 milliseconds
For documentation on this error, please visit: http://seleniumhq.org/exceptions/stale_element_reference.html
Build info: version: '2.53.0', revision: '35ae25b', time: '2016-03-15 17:00:58'
System info: host: 'DESK-1986', ip: '192.168.4.204', os.name: 'Windows 8.1', os.arch: 'amd64', os.version: '6.3', java.version: '1.8.0_131'
Driver info: org.openqa.selenium.chrome.ChromeDriver
Capabilities [{applicationCacheEnabled=false, rotatable=false, mobileEmulationEnabled=false, networkConnectionEnabled=false, chrome={chromedriverVersion=2.36.540470 (e522d04694c7ebea4ba8821272dbef4f9b818c91), userDataDir=C:\Windows\TEMP\scoped_dir13440_15255}, takesHeapSnapshot=true, pageLoadStrategy=normal, databaseEnabled=false, handlesAlerts=true, hasTouchScreen=false, version=79.0.3945.130, platform=WIN8_1, browserConnectionEnabled=false, nativeEvents=true, acceptSslCerts=false, acceptInsecureCerts=false, locationContextEnabled=true, webStorageEnabled=true, browserName=chrome, takesScreenshot=true, javascriptEnabled=true, cssSelectorsEnabled=true, setWindowRect=true, unexpectedAlertBehaviour=}]
Session ID: 745f1c7d4cb75ec1045daf2ece3367a4
	at sun.reflect.NativeConstructorAccessorImpl.newInstance0(Native Method)
	at sun.reflect.NativeConstructorAccessorImpl.newInstance(NativeConstructorAccessorImpl.java:62)
	at sun.reflect.DelegatingConstructorAccessorImpl.newInstance(DelegatingConstructorAccessorImpl.java:45)
	at java.lang.reflect.Constructor.newInstance(Constructor.java:423)
	at org.openqa.selenium.remote.ErrorHandler.createThrowable(ErrorHandler.java:206)
	at org.openqa.selenium.remote.ErrorHandler.throwIfResponseFailed(ErrorHandler.java:158)
	at org.openqa.selenium.remote.RemoteWebDriver.execute(RemoteWebDriver.java:678)
	at org.openqa.selenium.remote.RemoteWebElement.execute(RemoteWebElement.java:327)
	at org.openqa.selenium.remote.RemoteWebElement.getText(RemoteWebElement.java:179)
	at com.Sulekha.User.UserSide.ListingPage.Save_To_Phone(ListingPage.java:68)
	at sun.reflect.NativeMethodAccessorImpl.invoke0(Native Method)
	at sun.reflect.NativeMethodAccessorImpl.invoke(NativeMethodAccessorImpl.java:62)
	at sun.reflect.DelegatingMethodAccessorImpl.invoke(DelegatingMethodAccessorImpl.java:43)
	at java.lang.reflect.Method.invoke(Method.java:498)
	at org.testng.internal.MethodInvocationHelper.invokeMethod(MethodInvocationHelper.java:85)
	at org.testng.internal.Invoker.invokeMethod(Invoker.java:639)
	at org.testng.internal.Invoker.invokeTestMethod(Invoker.java:816)
	at org.testng.internal.Invoker.invokeTestMethods(Invoker.java:1124)
	at org.testng.internal.TestMethodWorker.invokeTestMethods(TestMethodWorker.java:125)
	at org.testng.internal.TestMethodWorker.run(TestMethodWorker.java:108)
	at org.testng.TestRunner.privateRun(TestRunner.java:774)
	at org.testng.TestRunner.run(TestRunner.java:624)
	at org.testng.SuiteRunner.runTest(SuiteRunner.java:359)
	at org.testng.SuiteRunner.runSequentially(SuiteRunner.java:354)
	at org.testng.SuiteRunner.privateRun(SuiteRunner.java:312)
	at org.testng.SuiteRunner.run(SuiteRunner.java:261)
	at org.testng.SuiteRunnerWorker.runSuite(SuiteRunnerWorker.java:52)
	at org.testng.SuiteRunnerWorker.run(SuiteRunnerWorker.java:86)
	at org.testng.TestNG.runSuitesSequentially(TestNG.java:1215)
	at org.testng.TestNG.runSuitesLocally(TestNG.java:1140)
	at org.testng.TestNG.run(TestNG.java:1048)
	at org.testng.remote.AbstractRemoteTestNG.run(AbstractRemoteTestNG.java:115)
	at org.testng.remote.RemoteTestNG.initAndRun(RemoteTestNG.java:251)
	at org.testng.remote.RemoteTestNG.main(RemoteTestNG.java:77)
]]>
            </full-stacktrace>
          </exception> <!-- org.openqa.selenium.StaleElementReferenceException -->
          <reporter-output>
          </reporter-output>
        </test-method> <!-- Save_To_Phone -->
        <test-method status="PASS" signature="endReport()[pri:0, instance:com.Sulekha.User.UserSide.ListingPage@6b26e945]" name="endReport" is-config="true" duration-ms="37" started-at="2020-01-29T11:09:52Z" finished-at="2020-01-29T11:09:52Z">
          <reporter-output>
          </reporter-output>
        </test-method> <!-- endReport -->
        <test-method status="PASS" signature="getResult(org.testng.ITestResult)[pri:0, instance:com.Sulekha.User.UserSide.ListingPage@6b26e945]" name="getResult" is-config="true" duration-ms="1443" started-at="2020-01-29T11:09:52Z" finished-at="2020-01-29T11:09:53Z">
          <params>
            <param index="0">
              <value>
                <![CDATA[[TestResult name=Save_To_Phone status=FAILURE method=ListingPage.Save_To_Phone()[pri:2, instance:com.Sulekha.User.UserSide.ListingPage@6b26e945] output={null}]]]>
              </value>
            </param>
          </params>
          <reporter-output>
          </reporter-output>
        </test-method> <!-- getResult -->
        <test-method status="FAIL" signature="Filter_listing()[pri:3, instance:com.Sulekha.User.UserSide.ListingPage@6b26e945]" name="Filter_listing" duration-ms="4008" started-at="2020-01-29T11:09:54Z" finished-at="2020-01-29T11:09:58Z">
          <exception class="java.lang.NullPointerException">
            <full-stacktrace>
              <![CDATA[java.lang.NullPointerException
	at com.Sulekha.User.UserSide.ListingPage.Filter_listing(ListingPage.java:78)
	at sun.reflect.NativeMethodAccessorImpl.invoke0(Native Method)
	at sun.reflect.NativeMethodAccessorImpl.invoke(NativeMethodAccessorImpl.java:62)
	at sun.reflect.DelegatingMethodAccessorImpl.invoke(DelegatingMethodAccessorImpl.java:43)
	at java.lang.reflect.Method.invoke(Method.java:498)
	at org.testng.internal.MethodInvocationHelper.invokeMethod(MethodInvocationHelper.java:85)
	at org.testng.internal.Invoker.invokeMethod(Invoker.java:639)
	at org.testng.internal.Invoker.invokeTestMethod(Invoker.java:816)
	at org.testng.internal.Invoker.invokeTestMethods(Invoker.java:1124)
	at org.testng.internal.TestMethodWorker.invokeTestMethods(TestMethodWorker.java:125)
	at org.testng.internal.TestMethodWorker.run(TestMethodWorker.java:108)
	at org.testng.TestRunner.privateRun(TestRunner.java:774)
	at org.testng.TestRunner.run(TestRunner.java:624)
	at org.testng.SuiteRunner.runTest(SuiteRunner.java:359)
	at org.testng.SuiteRunner.runSequentially(SuiteRunner.java:354)
	at org.testng.SuiteRunner.privateRun(SuiteRunner.java:312)
	at org.testng.SuiteRunner.run(SuiteRunner.java:261)
	at org.testng.SuiteRunnerWorker.runSuite(SuiteRunnerWorker.java:52)
	at org.testng.SuiteRunnerWorker.run(SuiteRunnerWorker.java:86)
	at org.testng.TestNG.runSuitesSequentially(TestNG.java:1215)
	at org.testng.TestNG.runSuitesLocally(TestNG.java:1140)
	at org.testng.TestNG.run(TestNG.java:1048)
	at org.testng.remote.AbstractRemoteTestNG.run(AbstractRemoteTestNG.java:115)
	at org.testng.remote.RemoteTestNG.initAndRun(RemoteTestNG.java:251)
	at org.testng.remote.RemoteTestNG.main(RemoteTestNG.java:77)
]]>
            </full-stacktrace>
          </exception> <!-- java.lang.NullPointerException -->
          <reporter-output>
          </reporter-output>
        </test-method> <!-- Filter_listing -->
        <test-method status="PASS" signature="endReport()[pri:0, instance:com.Sulekha.User.UserSide.ListingPage@6b26e945]" name="endReport" is-config="true" duration-ms="45" started-at="2020-01-29T11:09:58Z" finished-at="2020-01-29T11:09:59Z">
          <reporter-output>
          </reporter-output>
        </test-method> <!-- endReport -->
        <test-method status="PASS" signature="getResult(org.testng.ITestResult)[pri:0, instance:com.Sulekha.User.UserSide.ListingPage@6b26e945]" name="getResult" is-config="true" duration-ms="1620" started-at="2020-01-29T11:09:59Z" finished-at="2020-01-29T11:10:00Z">
          <params>
            <param index="0">
              <value>
                <![CDATA[[TestResult name=Filter_listing status=FAILURE method=ListingPage.Filter_listing()[pri:3, instance:com.Sulekha.User.UserSide.ListingPage@6b26e945] output={null}]]]>
              </value>
            </param>
          </params>
          <reporter-output>
          </reporter-output>
        </test-method> <!-- getResult -->
        <test-method status="FAIL" signature="Listing_ViewMore()[pri:4, instance:com.Sulekha.User.UserSide.ListingPage@6b26e945]" name="Listing_ViewMore" duration-ms="4038" started-at="2020-01-29T11:10:17Z" finished-at="2020-01-29T11:10:21Z">
          <exception class="java.lang.NullPointerException">
            <full-stacktrace>
              <![CDATA[java.lang.NullPointerException
	at com.Sulekha.User.UserSide.ListingPage.Listing_ViewMore(ListingPage.java:92)
	at sun.reflect.NativeMethodAccessorImpl.invoke0(Native Method)
	at sun.reflect.NativeMethodAccessorImpl.invoke(NativeMethodAccessorImpl.java:62)
	at sun.reflect.DelegatingMethodAccessorImpl.invoke(DelegatingMethodAccessorImpl.java:43)
	at java.lang.reflect.Method.invoke(Method.java:498)
	at org.testng.internal.MethodInvocationHelper.invokeMethod(MethodInvocationHelper.java:85)
	at org.testng.internal.Invoker.invokeMethod(Invoker.java:639)
	at org.testng.internal.Invoker.invokeTestMethod(Invoker.java:816)
	at org.testng.internal.Invoker.invokeTestMethods(Invoker.java:1124)
	at org.testng.internal.TestMethodWorker.invokeTestMethods(TestMethodWorker.java:125)
	at org.testng.internal.TestMethodWorker.run(TestMethodWorker.java:108)
	at org.testng.TestRunner.privateRun(TestRunner.java:774)
	at org.testng.TestRunner.run(TestRunner.java:624)
	at org.testng.SuiteRunner.runTest(SuiteRunner.java:359)
	at org.testng.SuiteRunner.runSequentially(SuiteRunner.java:354)
	at org.testng.SuiteRunner.privateRun(SuiteRunner.java:312)
	at org.testng.SuiteRunner.run(SuiteRunner.java:261)
	at org.testng.SuiteRunnerWorker.runSuite(SuiteRunnerWorker.java:52)
	at org.testng.SuiteRunnerWorker.run(SuiteRunnerWorker.java:86)
	at org.testng.TestNG.runSuitesSequentially(TestNG.java:1215)
	at org.testng.TestNG.runSuitesLocally(TestNG.java:1140)
	at org.testng.TestNG.run(TestNG.java:1048)
	at org.testng.remote.AbstractRemoteTestNG.run(AbstractRemoteTestNG.java:115)
	at org.testng.remote.RemoteTestNG.initAndRun(RemoteTestNG.java:251)
	at org.testng.remote.RemoteTestNG.main(RemoteTestNG.java:77)
]]>
            </full-stacktrace>
          </exception> <!-- java.lang.NullPointerException -->
          <reporter-output>
          </reporter-output>
        </test-method> <!-- Listing_ViewMore -->
        <test-method status="PASS" signature="endReport()[pri:0, instance:com.Sulekha.User.UserSide.ListingPage@6b26e945]" name="endReport" is-config="true" duration-ms="57" started-at="2020-01-29T11:10:22Z" finished-at="2020-01-29T11:10:22Z">
          <reporter-output>
          </reporter-output>
        </test-method> <!-- endReport -->
        <test-method status="PASS" signature="getResult(org.testng.ITestResult)[pri:0, instance:com.Sulekha.User.UserSide.ListingPage@6b26e945]" name="getResult" is-config="true" duration-ms="1599" started-at="2020-01-29T11:10:22Z" finished-at="2020-01-29T11:10:23Z">
          <params>
            <param index="0">
              <value>
                <![CDATA[[TestResult name=Listing_ViewMore status=FAILURE method=ListingPage.Listing_ViewMore()[pri:4, instance:com.Sulekha.User.UserSide.ListingPage@6b26e945] output={null}]]]>
              </value>
            </param>
          </params>
          <reporter-output>
          </reporter-output>
        </test-method> <!-- getResult -->
        <test-method status="FAIL" signature="Filter_locality()[pri:5, instance:com.Sulekha.User.UserSide.ListingPage@6b26e945]" name="Filter_locality" duration-ms="26" started-at="2020-01-29T11:10:23Z" finished-at="2020-01-29T11:10:23Z">
          <exception class="java.lang.NullPointerException">
            <full-stacktrace>
              <![CDATA[java.lang.NullPointerException
	at com.Sulekha.User.UserSide.ListingPage.Filter_locality(ListingPage.java:107)
	at sun.reflect.NativeMethodAccessorImpl.invoke0(Native Method)
	at sun.reflect.NativeMethodAccessorImpl.invoke(NativeMethodAccessorImpl.java:62)
	at sun.reflect.DelegatingMethodAccessorImpl.invoke(DelegatingMethodAccessorImpl.java:43)
	at java.lang.reflect.Method.invoke(Method.java:498)
	at org.testng.internal.MethodInvocationHelper.invokeMethod(MethodInvocationHelper.java:85)
	at org.testng.internal.Invoker.invokeMethod(Invoker.java:639)
	at org.testng.internal.Invoker.invokeTestMethod(Invoker.java:816)
	at org.testng.internal.Invoker.invokeTestMethods(Invoker.java:1124)
	at org.testng.internal.TestMethodWorker.invokeTestMethods(TestMethodWorker.java:125)
	at org.testng.internal.TestMethodWorker.run(TestMethodWorker.java:108)
	at org.testng.TestRunner.privateRun(TestRunner.java:774)
	at org.testng.TestRunner.run(TestRunner.java:624)
	at org.testng.SuiteRunner.runTest(SuiteRunner.java:359)
	at org.testng.SuiteRunner.runSequentially(SuiteRunner.java:354)
	at org.testng.SuiteRunner.privateRun(SuiteRunner.java:312)
	at org.testng.SuiteRunner.run(SuiteRunner.java:261)
	at org.testng.SuiteRunnerWorker.runSuite(SuiteRunnerWorker.java:52)
	at org.testng.SuiteRunnerWorker.run(SuiteRunnerWorker.java:86)
	at org.testng.TestNG.runSuitesSequentially(TestNG.java:1215)
	at org.testng.TestNG.runSuitesLocally(TestNG.java:1140)
	at org.testng.TestNG.run(TestNG.java:1048)
	at org.testng.remote.AbstractRemoteTestNG.run(AbstractRemoteTestNG.java:115)
	at org.testng.remote.RemoteTestNG.initAndRun(RemoteTestNG.java:251)
	at org.testng.remote.RemoteTestNG.main(RemoteTestNG.java:77)
]]>
            </full-stacktrace>
          </exception> <!-- java.lang.NullPointerException -->
          <reporter-output>
          </reporter-output>
        </test-method> <!-- Filter_locality -->
        <test-method status="PASS" signature="endReport()[pri:0, instance:com.Sulekha.User.UserSide.ListingPage@6b26e945]" name="endReport" is-config="true" duration-ms="38" started-at="2020-01-29T11:10:23Z" finished-at="2020-01-29T11:10:23Z">
          <reporter-output>
          </reporter-output>
        </test-method> <!-- endReport -->
        <test-method status="PASS" signature="getResult(org.testng.ITestResult)[pri:0, instance:com.Sulekha.User.UserSide.ListingPage@6b26e945]" name="getResult" is-config="true" duration-ms="2549" started-at="2020-01-29T11:10:23Z" finished-at="2020-01-29T11:10:26Z">
          <params>
            <param index="0">
              <value>
                <![CDATA[[TestResult name=Filter_locality status=FAILURE method=ListingPage.Filter_locality()[pri:5, instance:com.Sulekha.User.UserSide.ListingPage@6b26e945] output={null}]]]>
              </value>
            </param>
          </params>
          <reporter-output>
          </reporter-output>
        </test-method> <!-- getResult -->
      </class> <!-- com.Sulekha.User.UserSide.ListingPage -->
      <class name="com.Sulekha.User.UserSide.Need_Page">
        <test-method status="PASS" signature="setup()[pri:0, instance:com.Sulekha.User.UserSide.Need_Page@54c562f7]" name="setup" is-config="true" duration-ms="5936" started-at="2020-01-29T11:09:13Z" finished-at="2020-01-29T11:09:19Z">
          <reporter-output>
          </reporter-output>
        </test-method> <!-- setup -->
        <test-method status="PASS" signature="need_india_page()[pri:0, instance:com.Sulekha.User.UserSide.Need_Page@54c562f7]" name="need_india_page" duration-ms="706" started-at="2020-01-29T11:09:19Z" finished-at="2020-01-29T11:09:19Z">
          <reporter-output>
          </reporter-output>
        </test-method> <!-- need_india_page -->
        <test-method status="PASS" signature="getResult(org.testng.ITestResult)[pri:0, instance:com.Sulekha.User.UserSide.Need_Page@54c562f7]" name="getResult" is-config="true" duration-ms="2104" started-at="2020-01-29T11:09:19Z" finished-at="2020-01-29T11:09:22Z">
          <params>
            <param index="0">
              <value>
                <![CDATA[[TestResult name=need_india_page status=SUCCESS method=Need_Page.need_india_page()[pri:0, instance:com.Sulekha.User.UserSide.Need_Page@54c562f7] output={null}]]]>
              </value>
            </param>
          </params>
          <reporter-output>
          </reporter-output>
        </test-method> <!-- getResult -->
        <test-method status="PASS" signature="filter_india_page()[pri:1, instance:com.Sulekha.User.UserSide.Need_Page@54c562f7]" name="filter_india_page" duration-ms="5049" started-at="2020-01-29T11:09:40Z" finished-at="2020-01-29T11:09:46Z">
          <reporter-output>
          </reporter-output>
        </test-method> <!-- filter_india_page -->
        <test-method status="PASS" signature="getResult(org.testng.ITestResult)[pri:0, instance:com.Sulekha.User.UserSide.Need_Page@54c562f7]" name="getResult" is-config="true" duration-ms="1606" started-at="2020-01-29T11:09:46Z" finished-at="2020-01-29T11:09:47Z">
          <params>
            <param index="0">
              <value>
                <![CDATA[[TestResult name=filter_india_page status=SUCCESS method=Need_Page.filter_india_page()[pri:1, instance:com.Sulekha.User.UserSide.Need_Page@54c562f7] output={null}]]]>
              </value>
            </param>
          </params>
          <reporter-output>
          </reporter-output>
        </test-method> <!-- getResult -->
        <test-method status="FAIL" signature="Get_Quote()[pri:2, instance:com.Sulekha.User.UserSide.Need_Page@54c562f7]" name="Get_Quote" duration-ms="70" started-at="2020-01-29T11:09:53Z" finished-at="2020-01-29T11:09:53Z">
          <exception class="org.openqa.selenium.WebDriverException">
            <message>
              <![CDATA[unknown error: Element <button class="btn-p f-icon ctalcfpop lcfpop" data-id="1601" data-busid="10616439" title="Get best quotes from AC Services in Ypcity" onclick="lcfplugin.getquotes.open()"></button> is not clickable at point (825, 905). Other element would receive the click: <div class="sdialog-backdrop" style="display: block;"></div>
  (Session info: chrome=79.0.3945.130)
  (Driver info: chromedriver=2.36.540470 (e522d04694c7ebea4ba8821272dbef4f9b818c91),platform=Windows NT 6.3.9600 x86_64) (WARNING: The server did not provide any stacktrace information)
Command duration or timeout: 41 milliseconds
Build info: version: '2.53.0', revision: '35ae25b', time: '2016-03-15 17:00:58'
System info: host: 'DESK-1986', ip: '192.168.4.204', os.name: 'Windows 8.1', os.arch: 'amd64', os.version: '6.3', java.version: '1.8.0_131'
Driver info: org.openqa.selenium.chrome.ChromeDriver
Capabilities [{applicationCacheEnabled=false, rotatable=false, mobileEmulationEnabled=false, networkConnectionEnabled=false, chrome={chromedriverVersion=2.36.540470 (e522d04694c7ebea4ba8821272dbef4f9b818c91), userDataDir=C:\Windows\TEMP\scoped_dir13440_15255}, takesHeapSnapshot=true, pageLoadStrategy=normal, databaseEnabled=false, handlesAlerts=true, hasTouchScreen=false, version=79.0.3945.130, platform=WIN8_1, browserConnectionEnabled=false, nativeEvents=true, acceptSslCerts=false, acceptInsecureCerts=false, locationContextEnabled=true, webStorageEnabled=true, browserName=chrome, takesScreenshot=true, javascriptEnabled=true, cssSelectorsEnabled=true, setWindowRect=true, unexpectedAlertBehaviour=}]
Session ID: 745f1c7d4cb75ec1045daf2ece3367a4]]>
            </message>
            <full-stacktrace>
              <![CDATA[org.openqa.selenium.WebDriverException: unknown error: Element <button class="btn-p f-icon ctalcfpop lcfpop" data-id="1601" data-busid="10616439" title="Get best quotes from AC Services in Ypcity" onclick="lcfplugin.getquotes.open()"></button> is not clickable at point (825, 905). Other element would receive the click: <div class="sdialog-backdrop" style="display: block;"></div>
  (Session info: chrome=79.0.3945.130)
  (Driver info: chromedriver=2.36.540470 (e522d04694c7ebea4ba8821272dbef4f9b818c91),platform=Windows NT 6.3.9600 x86_64) (WARNING: The server did not provide any stacktrace information)
Command duration or timeout: 41 milliseconds
Build info: version: '2.53.0', revision: '35ae25b', time: '2016-03-15 17:00:58'
System info: host: 'DESK-1986', ip: '192.168.4.204', os.name: 'Windows 8.1', os.arch: 'amd64', os.version: '6.3', java.version: '1.8.0_131'
Driver info: org.openqa.selenium.chrome.ChromeDriver
Capabilities [{applicationCacheEnabled=false, rotatable=false, mobileEmulationEnabled=false, networkConnectionEnabled=false, chrome={chromedriverVersion=2.36.540470 (e522d04694c7ebea4ba8821272dbef4f9b818c91), userDataDir=C:\Windows\TEMP\scoped_dir13440_15255}, takesHeapSnapshot=true, pageLoadStrategy=normal, databaseEnabled=false, handlesAlerts=true, hasTouchScreen=false, version=79.0.3945.130, platform=WIN8_1, browserConnectionEnabled=false, nativeEvents=true, acceptSslCerts=false, acceptInsecureCerts=false, locationContextEnabled=true, webStorageEnabled=true, browserName=chrome, takesScreenshot=true, javascriptEnabled=true, cssSelectorsEnabled=true, setWindowRect=true, unexpectedAlertBehaviour=}]
Session ID: 745f1c7d4cb75ec1045daf2ece3367a4
	at sun.reflect.NativeConstructorAccessorImpl.newInstance0(Native Method)
	at sun.reflect.NativeConstructorAccessorImpl.newInstance(NativeConstructorAccessorImpl.java:62)
	at sun.reflect.DelegatingConstructorAccessorImpl.newInstance(DelegatingConstructorAccessorImpl.java:45)
	at java.lang.reflect.Constructor.newInstance(Constructor.java:423)
	at org.openqa.selenium.remote.ErrorHandler.createThrowable(ErrorHandler.java:206)
	at org.openqa.selenium.remote.ErrorHandler.throwIfResponseFailed(ErrorHandler.java:158)
	at org.openqa.selenium.remote.RemoteWebDriver.execute(RemoteWebDriver.java:678)
	at org.openqa.selenium.remote.RemoteWebElement.execute(RemoteWebElement.java:327)
	at org.openqa.selenium.remote.RemoteWebElement.click(RemoteWebElement.java:85)
	at com.Sulekha.User.UserSide.Need_Page.Get_Quote(Need_Page.java:59)
	at sun.reflect.NativeMethodAccessorImpl.invoke0(Native Method)
	at sun.reflect.NativeMethodAccessorImpl.invoke(NativeMethodAccessorImpl.java:62)
	at sun.reflect.DelegatingMethodAccessorImpl.invoke(DelegatingMethodAccessorImpl.java:43)
	at java.lang.reflect.Method.invoke(Method.java:498)
	at org.testng.internal.MethodInvocationHelper.invokeMethod(MethodInvocationHelper.java:85)
	at org.testng.internal.Invoker.invokeMethod(Invoker.java:639)
	at org.testng.internal.Invoker.invokeTestMethod(Invoker.java:816)
	at org.testng.internal.Invoker.invokeTestMethods(Invoker.java:1124)
	at org.testng.internal.TestMethodWorker.invokeTestMethods(TestMethodWorker.java:125)
	at org.testng.internal.TestMethodWorker.run(TestMethodWorker.java:108)
	at org.testng.TestRunner.privateRun(TestRunner.java:774)
	at org.testng.TestRunner.run(TestRunner.java:624)
	at org.testng.SuiteRunner.runTest(SuiteRunner.java:359)
	at org.testng.SuiteRunner.runSequentially(SuiteRunner.java:354)
	at org.testng.SuiteRunner.privateRun(SuiteRunner.java:312)
	at org.testng.SuiteRunner.run(SuiteRunner.java:261)
	at org.testng.SuiteRunnerWorker.runSuite(SuiteRunnerWorker.java:52)
	at org.testng.SuiteRunnerWorker.run(SuiteRunnerWorker.java:86)
	at org.testng.TestNG.runSuitesSequentially(TestNG.java:1215)
	at org.testng.TestNG.runSuitesLocally(TestNG.java:1140)
	at org.testng.TestNG.run(TestNG.java:1048)
	at org.testng.remote.AbstractRemoteTestNG.run(AbstractRemoteTestNG.java:115)
	at org.testng.remote.RemoteTestNG.initAndRun(RemoteTestNG.java:251)
	at org.testng.remote.RemoteTestNG.main(RemoteTestNG.java:77)
]]>
            </full-stacktrace>
          </exception> <!-- org.openqa.selenium.WebDriverException -->
          <reporter-output>
          </reporter-output>
        </test-method> <!-- Get_Quote -->
        <test-method status="PASS" signature="getResult(org.testng.ITestResult)[pri:0, instance:com.Sulekha.User.UserSide.Need_Page@54c562f7]" name="getResult" is-config="true" duration-ms="1395" started-at="2020-01-29T11:09:53Z" finished-at="2020-01-29T11:09:54Z">
          <params>
            <param index="0">
              <value>
                <![CDATA[[TestResult name=Get_Quote status=FAILURE method=Need_Page.Get_Quote()[pri:2, instance:com.Sulekha.User.UserSide.Need_Page@54c562f7] output={null}]]]>
              </value>
            </param>
          </params>
          <reporter-output>
          </reporter-output>
        </test-method> <!-- getResult -->
        <test-method status="FAIL" signature="Save_To_Phone()[pri:3, instance:com.Sulekha.User.UserSide.Need_Page@54c562f7]" name="Save_To_Phone" duration-ms="15909" started-at="2020-01-29T11:10:00Z" finished-at="2020-01-29T11:10:16Z">
          <exception class="org.openqa.selenium.NoSuchElementException">
            <message>
              <![CDATA[no such element: Unable to locate element: {"method":"id","selector":"otp-1"}
  (Session info: chrome=79.0.3945.130)
  (Driver info: chromedriver=2.36.540470 (e522d04694c7ebea4ba8821272dbef4f9b818c91),platform=Windows NT 6.3.9600 x86_64) (WARNING: The server did not provide any stacktrace information)
Command duration or timeout: 10.06 seconds
For documentation on this error, please visit: http://seleniumhq.org/exceptions/no_such_element.html
Build info: version: '2.53.0', revision: '35ae25b', time: '2016-03-15 17:00:58'
System info: host: 'DESK-1986', ip: '192.168.4.204', os.name: 'Windows 8.1', os.arch: 'amd64', os.version: '6.3', java.version: '1.8.0_131'
Driver info: org.openqa.selenium.chrome.ChromeDriver
Capabilities [{applicationCacheEnabled=false, rotatable=false, mobileEmulationEnabled=false, networkConnectionEnabled=false, chrome={chromedriverVersion=2.36.540470 (e522d04694c7ebea4ba8821272dbef4f9b818c91), userDataDir=C:\Windows\TEMP\scoped_dir13440_15255}, takesHeapSnapshot=true, pageLoadStrategy=normal, databaseEnabled=false, handlesAlerts=true, hasTouchScreen=false, version=79.0.3945.130, platform=WIN8_1, browserConnectionEnabled=false, nativeEvents=true, acceptSslCerts=false, acceptInsecureCerts=false, locationContextEnabled=true, webStorageEnabled=true, browserName=chrome, takesScreenshot=true, javascriptEnabled=true, cssSelectorsEnabled=true, setWindowRect=true, unexpectedAlertBehaviour=}]
Session ID: 745f1c7d4cb75ec1045daf2ece3367a4
*** Element info: {Using=id, value=otp-1}]]>
            </message>
            <full-stacktrace>
              <![CDATA[org.openqa.selenium.NoSuchElementException: no such element: Unable to locate element: {"method":"id","selector":"otp-1"}
  (Session info: chrome=79.0.3945.130)
  (Driver info: chromedriver=2.36.540470 (e522d04694c7ebea4ba8821272dbef4f9b818c91),platform=Windows NT 6.3.9600 x86_64) (WARNING: The server did not provide any stacktrace information)
Command duration or timeout: 10.06 seconds
For documentation on this error, please visit: http://seleniumhq.org/exceptions/no_such_element.html
Build info: version: '2.53.0', revision: '35ae25b', time: '2016-03-15 17:00:58'
System info: host: 'DESK-1986', ip: '192.168.4.204', os.name: 'Windows 8.1', os.arch: 'amd64', os.version: '6.3', java.version: '1.8.0_131'
Driver info: org.openqa.selenium.chrome.ChromeDriver
Capabilities [{applicationCacheEnabled=false, rotatable=false, mobileEmulationEnabled=false, networkConnectionEnabled=false, chrome={chromedriverVersion=2.36.540470 (e522d04694c7ebea4ba8821272dbef4f9b818c91), userDataDir=C:\Windows\TEMP\scoped_dir13440_15255}, takesHeapSnapshot=true, pageLoadStrategy=normal, databaseEnabled=false, handlesAlerts=true, hasTouchScreen=false, version=79.0.3945.130, platform=WIN8_1, browserConnectionEnabled=false, nativeEvents=true, acceptSslCerts=false, acceptInsecureCerts=false, locationContextEnabled=true, webStorageEnabled=true, browserName=chrome, takesScreenshot=true, javascriptEnabled=true, cssSelectorsEnabled=true, setWindowRect=true, unexpectedAlertBehaviour=}]
Session ID: 745f1c7d4cb75ec1045daf2ece3367a4
*** Element info: {Using=id, value=otp-1}
	at sun.reflect.NativeConstructorAccessorImpl.newInstance0(Native Method)
	at sun.reflect.NativeConstructorAccessorImpl.newInstance(NativeConstructorAccessorImpl.java:62)
	at sun.reflect.DelegatingConstructorAccessorImpl.newInstance(DelegatingConstructorAccessorImpl.java:45)
	at java.lang.reflect.Constructor.newInstance(Constructor.java:423)
	at org.openqa.selenium.remote.ErrorHandler.createThrowable(ErrorHandler.java:206)
	at org.openqa.selenium.remote.ErrorHandler.throwIfResponseFailed(ErrorHandler.java:158)
	at org.openqa.selenium.remote.RemoteWebDriver.execute(RemoteWebDriver.java:678)
	at org.openqa.selenium.remote.RemoteWebDriver.findElement(RemoteWebDriver.java:363)
	at org.openqa.selenium.remote.RemoteWebDriver.findElementById(RemoteWebDriver.java:413)
	at org.openqa.selenium.By$ById.findElement(By.java:218)
	at org.openqa.selenium.remote.RemoteWebDriver.findElement(RemoteWebDriver.java:355)
	at com.Sulekha.User.UserSide.Need_Page.Save_To_Phone(Need_Page.java:77)
	at sun.reflect.NativeMethodAccessorImpl.invoke0(Native Method)
	at sun.reflect.NativeMethodAccessorImpl.invoke(NativeMethodAccessorImpl.java:62)
	at sun.reflect.DelegatingMethodAccessorImpl.invoke(DelegatingMethodAccessorImpl.java:43)
	at java.lang.reflect.Method.invoke(Method.java:498)
	at org.testng.internal.MethodInvocationHelper.invokeMethod(MethodInvocationHelper.java:85)
	at org.testng.internal.Invoker.invokeMethod(Invoker.java:639)
	at org.testng.internal.Invoker.invokeTestMethod(Invoker.java:816)
	at org.testng.internal.Invoker.invokeTestMethods(Invoker.java:1124)
	at org.testng.internal.TestMethodWorker.invokeTestMethods(TestMethodWorker.java:125)
	at org.testng.internal.TestMethodWorker.run(TestMethodWorker.java:108)
	at org.testng.TestRunner.privateRun(TestRunner.java:774)
	at org.testng.TestRunner.run(TestRunner.java:624)
	at org.testng.SuiteRunner.runTest(SuiteRunner.java:359)
	at org.testng.SuiteRunner.runSequentially(SuiteRunner.java:354)
	at org.testng.SuiteRunner.privateRun(SuiteRunner.java:312)
	at org.testng.SuiteRunner.run(SuiteRunner.java:261)
	at org.testng.SuiteRunnerWorker.runSuite(SuiteRunnerWorker.java:52)
	at org.testng.SuiteRunnerWorker.run(SuiteRunnerWorker.java:86)
	at org.testng.TestNG.runSuitesSequentially(TestNG.java:1215)
	at org.testng.TestNG.runSuitesLocally(TestNG.java:1140)
	at org.testng.TestNG.run(TestNG.java:1048)
	at org.testng.remote.AbstractRemoteTestNG.run(AbstractRemoteTestNG.java:115)
	at org.testng.remote.RemoteTestNG.initAndRun(RemoteTestNG.java:251)
	at org.testng.remote.RemoteTestNG.main(RemoteTestNG.java:77)
]]>
            </full-stacktrace>
          </exception> <!-- org.openqa.selenium.NoSuchElementException -->
          <reporter-output>
          </reporter-output>
        </test-method> <!-- Save_To_Phone -->
        <test-method status="PASS" signature="getResult(org.testng.ITestResult)[pri:0, instance:com.Sulekha.User.UserSide.Need_Page@54c562f7]" name="getResult" is-config="true" duration-ms="1393" started-at="2020-01-29T11:10:16Z" finished-at="2020-01-29T11:10:17Z">
          <params>
            <param index="0">
              <value>
                <![CDATA[[TestResult name=Save_To_Phone status=FAILURE method=Need_Page.Save_To_Phone()[pri:3, instance:com.Sulekha.User.UserSide.Need_Page@54c562f7] output={null}]]]>
              </value>
            </param>
          </params>
          <reporter-output>
          </reporter-output>
        </test-method> <!-- getResult -->
      </class> <!-- com.Sulekha.User.UserSide.Need_Page -->
      <class name="com.Sulekha.User.UserSide.ExtentReportnew">
        <test-method status="PASS" signature="startReport()[pri:0, instance:com.Sulekha.User.UserSide.ExtentReportnew@4df50bcc]" name="startReport" is-config="true" duration-ms="154" started-at="2020-01-29T11:09:13Z" finished-at="2020-01-29T11:09:13Z">
          <reporter-output>
          </reporter-output>
        </test-method> <!-- startReport -->
        <test-method status="PASS" signature="teardown()[pri:0, instance:com.Sulekha.User.UserSide.ExtentReportnew@4df50bcc]" name="teardown" is-config="true" duration-ms="17" started-at="2020-01-29T11:10:26Z" finished-at="2020-01-29T11:10:26Z">
          <reporter-output>
          </reporter-output>
        </test-method> <!-- teardown -->
      </class> <!-- com.Sulekha.User.UserSide.ExtentReportnew -->
    </test> <!-- Test -->
  </suite> <!-- Suite -->
</testng-results>
